Using pre-set license
Built from '2020.2/staging' branch; Version is '2020.2.7f1 (c53830e277f1) revision 12924976'; Using compiler version '192528614'; Build Type 'Release'
OS: 'Windows 10 Pro; OS build 18363.1379; Version 1909; 64bit' Language: 'ru' Physical Memory: 8112 MB
BatchMode: 1, IsHumanControllingUs: 0, StartBugReporterOnCrash: 0, Is64bit: 1, IsPro: 0

 COMMAND LINE ARGUMENTS:
C:\Program Files\Unity\Hub\Editor\2020.2.7f1\Editor\Unity.exe
-adb2
-batchMode
-noUpm
-name
AssetImportWorker0
-projectPath
G:/Projects/3D Beginner
-logFile
Logs/AssetImportWorker0.log
-srvPort
53252
Successfully changed project path to: G:/Projects/3D Beginner
G:/Projects/3D Beginner
Using Asset Import Pipeline V2.
Refreshing native plugins compatible for Editor in 77.65 ms, found 0 plugins.
Preloading 0 native plugins for Editor in 0.00 ms.
Initialize engine version: 2020.2.7f1 (c53830e277f1)
[Subsystems] Discovering subsystems at path C:/Program Files/Unity/Hub/Editor/2020.2.7f1/Editor/Data/Resources/UnitySubsystems
[Subsystems] Discovering subsystems at path G:/Projects/3D Beginner/Assets
GfxDevice: creating device client; threaded=0
Direct3D:
    Version:  Direct3D 11.0 [level 11.1]
    Renderer: NVIDIA GeForce GTX 1050 (ID=0x1c81)
    Vendor:   
    VRAM:     1977 MB
    Driver:   27.21.14.5671
Initialize mono
Mono path[0] = 'C:/Program Files/Unity/Hub/Editor/2020.2.7f1/Editor/Data/Managed'
Mono path[1] = 'C:/Program Files/Unity/Hub/Editor/2020.2.7f1/Editor/Data/MonoBleedingEdge/lib/mono/unityjit'
Mono config path = 'C:/Program Files/Unity/Hub/Editor/2020.2.7f1/Editor/Data/MonoBleedingEdge/etc'
Using monoOptions --debugger-agent=transport=dt_socket,embedding=1,server=y,suspend=n,address=127.0.0.1:56948
Begin MonoManager ReloadAssembly
Registering precompiled unity dll's ...
Register platform support module: C:/Program Files/Unity/Hub/Editor/2020.2.7f1/Editor/Data/PlaybackEngines/WindowsStandaloneSupport/UnityEditor.WindowsStandalone.Extensions.dll
Registered in 0.002843 seconds.
Native extension for WindowsStandalone target not found
Refreshing native plugins compatible for Editor in 71.44 ms, found 0 plugins.
Preloading 0 native plugins for Editor in 0.00 ms.
Invoked RoslynAnalysisRunner static constructor.
RoslynAnalysisRunner will not be running.
RoslynAnalysisRunner has terminated.
Mono: successfully reloaded assembly
- Completed reload, in  2.017 seconds
Platform modules already initialized, skipping
Registering precompiled user dll's ...
Registered in 0.008745 seconds.
Begin MonoManager ReloadAssembly
Native extension for WindowsStandalone target not found
Refreshing native plugins compatible for Editor in 0.85 ms, found 0 plugins.
Preloading 0 native plugins for Editor in 0.00 ms.
Invoked RoslynAnalysisRunner static constructor.
RoslynAnalysisRunner will not be running.
RoslynAnalysisRunner has terminated.
Mono: successfully reloaded assembly
- Completed reload, in  1.774 seconds
Platform modules already initialized, skipping
========================================================================
Worker process is ready to serve import requests
Launched and connected shader compiler UnityShaderCompiler.exe after 0.07 seconds
Refreshing native plugins compatible for Editor in 1.06 ms, found 0 plugins.
Preloading 0 native plugins for Editor in 0.00 ms.
Unloading 1653 Unused Serialized files (Serialized files now loaded: 0)
System memory in use before: 79.3 MB.
System memory in use after: 79.3 MB.

Unloading 31 unused Assets to reduce memory usage. Loaded Objects now: 2088.
Total: 3.102600 ms (FindLiveObjects: 0.240600 ms CreateObjectMapping: 0.125900 ms MarkObjects: 2.579700 ms  DeleteObjects: 0.154200 ms)

========================================================================
Received Import Request.
  path: Assets/Scenes/MainScene.unity
  artifactKey: Guid(139fe7247bf905647981ad2d31d0f39e) Importer(815301076,1909f56bfc062723c751e8b465ee728b)
Start importing Assets/Scenes/MainScene.unity using Guid(139fe7247bf905647981ad2d31d0f39e) Importer(815301076,1909f56bfc062723c751e8b465ee728b)  -> (artifact id: '18f5bfa8c626fe2405b2fe8d20c97588') in 0.043941 seconds
  Import took 0.048342 seconds .

========================================================================
Received Import Request.
  Time since last request: 0.000414 seconds.
  path: Assets/Scenes
  artifactKey: Guid(6b85e7f87718e034b9a80b27a13329b4) Importer(815301076,1909f56bfc062723c751e8b465ee728b)
Start importing Assets/Scenes using Guid(6b85e7f87718e034b9a80b27a13329b4) Importer(815301076,1909f56bfc062723c751e8b465ee728b)  -> (artifact id: '180a8ec8287c2a66ef5209871778cf50') in 0.014971 seconds
  Import took 0.019736 seconds .

========================================================================
Received Import Request.
  Time since last request: 95.590295 seconds.
  path: Assets/Materials/VFX/Steam.mat
  artifactKey: Guid(4cd7f6cf6430b2347803bd0c957fbbce) Importer(815301076,1909f56bfc062723c751e8b465ee728b)
Start importing Assets/Materials/VFX/Steam.mat using Guid(4cd7f6cf6430b2347803bd0c957fbbce) Importer(815301076,1909f56bfc062723c751e8b465ee728b)  -> (artifact id: '525c2d50d68f59210c1e891bfc0146f5') in 0.275477 seconds
  Import took 0.280768 seconds .

========================================================================
Received Import Request.
  Time since last request: 0.900363 seconds.
  path: Assets/Materials/VFX/DustMote.mat
  artifactKey: Guid(e27a3e2f84809914fa5bf3a7ac14ce9f) Importer(815301076,1909f56bfc062723c751e8b465ee728b)
Start importing Assets/Materials/VFX/DustMote.mat using Guid(e27a3e2f84809914fa5bf3a7ac14ce9f) Importer(815301076,1909f56bfc062723c751e8b465ee728b)  -> (artifact id: '906ef875fc73c2204d5b76827dd4c1fb') in 0.104244 seconds
  Import took 0.108729 seconds .

========================================================================
Received Prepare
Registering precompiled user dll's ...
Registered in 0.008568 seconds.
Begin MonoManager ReloadAssembly
Native extension for WindowsStandalone target not found
Refreshing native plugins compatible for Editor in 0.85 ms, found 0 plugins.
Preloading 0 native plugins for Editor in 0.00 ms.
Invoked RoslynAnalysisRunner static constructor.
RoslynAnalysisRunner will not be running.
RoslynAnalysisRunner has terminated.
Mono: successfully reloaded assembly
- Completed reload, in  1.621 seconds
Platform modules already initialized, skipping
Refreshing native plugins compatible for Editor in 0.83 ms, found 0 plugins.
Preloading 0 native plugins for Editor in 0.00 ms.
Unloading 1616 Unused Serialized files (Serialized files now loaded: 0)
System memory in use before: 80.4 MB.
System memory in use after: 80.5 MB.

Unloading 22 unused Assets to reduce memory usage. Loaded Objects now: 2133.
Total: 3.115700 ms (FindLiveObjects: 0.272400 ms CreateObjectMapping: 0.131200 ms MarkObjects: 2.600100 ms  DeleteObjects: 0.107400 ms)

========================================================================
Received Prepare
Registering precompiled user dll's ...
Registered in 0.008857 seconds.
Begin MonoManager ReloadAssembly
Native extension for WindowsStandalone target not found
Refreshing native plugins compatible for Editor in 0.86 ms, found 0 plugins.
Preloading 0 native plugins for Editor in 0.00 ms.
Invoked RoslynAnalysisRunner static constructor.
RoslynAnalysisRunner will not be running.
RoslynAnalysisRunner has terminated.
Mono: successfully reloaded assembly
- Completed reload, in  1.632 seconds
Platform modules already initialized, skipping
Refreshing native plugins compatible for Editor in 0.85 ms, found 0 plugins.
Preloading 0 native plugins for Editor in 0.00 ms.
Unloading 1616 Unused Serialized files (Serialized files now loaded: 0)
System memory in use before: 80.4 MB.
System memory in use after: 80.5 MB.

Unloading 22 unused Assets to reduce memory usage. Loaded Objects now: 2136.
Total: 3.343300 ms (FindLiveObjects: 0.294500 ms CreateObjectMapping: 0.130200 ms MarkObjects: 2.803100 ms  DeleteObjects: 0.112900 ms)

========================================================================
Received Prepare
Registering precompiled user dll's ...
Registered in 0.008342 seconds.
Begin MonoManager ReloadAssembly
Native extension for WindowsStandalone target not found
Refreshing native plugins compatible for Editor in 0.86 ms, found 0 plugins.
Preloading 0 native plugins for Editor in 0.00 ms.
Invoked RoslynAnalysisRunner static constructor.
RoslynAnalysisRunner will not be running.
RoslynAnalysisRunner has terminated.
Mono: successfully reloaded assembly
- Completed reload, in  1.610 seconds
Platform modules already initialized, skipping
Refreshing native plugins compatible for Editor in 0.85 ms, found 0 plugins.
Preloading 0 native plugins for Editor in 0.00 ms.
Unloading 1616 Unused Serialized files (Serialized files now loaded: 0)
System memory in use before: 80.4 MB.
System memory in use after: 80.5 MB.

Unloading 22 unused Assets to reduce memory usage. Loaded Objects now: 2139.
Total: 3.015900 ms (FindLiveObjects: 0.254500 ms CreateObjectMapping: 0.124400 ms MarkObjects: 2.520000 ms  DeleteObjects: 0.114600 ms)

========================================================================
Received Import Request.
  Time since last request: 3404.997408 seconds.
  path: Assets/Audio/SFXBuzzingLight.wav
  artifactKey: Guid(86e0f005f0b8e084698c2cf61bb6c2b6) Importer(815301076,1909f56bfc062723c751e8b465ee728b)
Start importing Assets/Audio/SFXBuzzingLight.wav using Guid(86e0f005f0b8e084698c2cf61bb6c2b6) Importer(815301076,1909f56bfc062723c751e8b465ee728b)  -> (artifact id: '8eeb3f4796c355b9aa9515f39c0e13c9') in 0.114669 seconds
  Import took 0.119233 seconds .

========================================================================
Received Import Request.
  Time since last request: 0.000308 seconds.
  path: Assets/Audio/SFXHouseAmbience.wav
  artifactKey: Guid(205287722f2b6b64583b86d65fdeeb11) Importer(815301076,1909f56bfc062723c751e8b465ee728b)
Start importing Assets/Audio/SFXHouseAmbience.wav using Guid(205287722f2b6b64583b86d65fdeeb11) Importer(815301076,1909f56bfc062723c751e8b465ee728b)  -> (artifact id: '9dcf7a4ba1045992fa650589863eecd3') in 0.025246 seconds
  Import took 0.029228 seconds .

========================================================================
Received Import Request.
  Time since last request: 0.000301 seconds.
  path: Assets/Audio/SFXWin.wav
  artifactKey: Guid(c0f716a9e9ac00c438b95158ba195a58) Importer(815301076,1909f56bfc062723c751e8b465ee728b)
Start importing Assets/Audio/SFXWin.wav using Guid(c0f716a9e9ac00c438b95158ba195a58) Importer(815301076,1909f56bfc062723c751e8b465ee728b)  -> (artifact id: '4f843c4bcd9e95b566de604d3d6e1fc5') in 0.038718 seconds
  Import took 0.042662 seconds .

========================================================================
Received Import Request.
  Time since last request: 0.000328 seconds.
  path: Assets/Audio/SFXFootstepsLooping.wav
  artifactKey: Guid(07e520bb410492d47bf739846d70f2a3) Importer(815301076,1909f56bfc062723c751e8b465ee728b)
Start importing Assets/Audio/SFXFootstepsLooping.wav using Guid(07e520bb410492d47bf739846d70f2a3) Importer(815301076,1909f56bfc062723c751e8b465ee728b)  -> (artifact id: '3387086bbd9fcfdf3944e957319832e5') in 0.042676 seconds
  Import took 0.046761 seconds .

========================================================================
Received Import Request.
  Time since last request: 0.000329 seconds.
  path: Assets/Audio/SFXGhostMove.wav
  artifactKey: Guid(98ea14dfdb9dce74a976520f134fd1a2) Importer(815301076,1909f56bfc062723c751e8b465ee728b)
Start importing Assets/Audio/SFXGhostMove.wav using Guid(98ea14dfdb9dce74a976520f134fd1a2) Importer(815301076,1909f56bfc062723c751e8b465ee728b)  -> (artifact id: 'f4bc7e9bd561646f9c13214e0b16537b') in 0.036057 seconds
  Import took 0.040541 seconds .

========================================================================
Received Import Request.
  Time since last request: 0.000372 seconds.
  path: Assets/Audio/SFXGameOver.wav
  artifactKey: Guid(2789d5ce62baaba4ab1ee8bb172304a6) Importer(815301076,1909f56bfc062723c751e8b465ee728b)
Start importing Assets/Audio/SFXGameOver.wav using Guid(2789d5ce62baaba4ab1ee8bb172304a6) Importer(815301076,1909f56bfc062723c751e8b465ee728b)  -> (artifact id: 'e2cd95848d91ef313f84a9cc6f7e7745') in 0.029013 seconds
  Import took 0.033931 seconds .

========================================================================
Received Import Request.
  Time since last request: 0.000305 seconds.
  path: Assets/Audio/SFXCandle.wav
  artifactKey: Guid(dd7f55e125ee8f947b2f399e20aeec8c) Importer(815301076,1909f56bfc062723c751e8b465ee728b)
Start importing Assets/Audio/SFXCandle.wav using Guid(dd7f55e125ee8f947b2f399e20aeec8c) Importer(815301076,1909f56bfc062723c751e8b465ee728b)  -> (artifact id: '7384e0771aaf808d6c666dfd5a05aafc') in 0.026269 seconds
  Import took 0.030790 seconds .

========================================================================
Received Import Request.
  Time since last request: 0.001385 seconds.
  path: Assets/Audio/SFXGameOver.wav
  artifactKey: Guid(2789d5ce62baaba4ab1ee8bb172304a6) Importer(815301076,1909f56bfc062723c751e8b465ee728b)
Start importing Assets/Audio/SFXGameOver.wav using Guid(2789d5ce62baaba4ab1ee8bb172304a6) Importer(815301076,1909f56bfc062723c751e8b465ee728b)  -> (artifact id: 'e2cd95848d91ef313f84a9cc6f7e7745') in 0.011413 seconds
  Import took 0.016524 seconds .

========================================================================
Received Import Request.
  Time since last request: 3.793635 seconds.
  path: Assets/Prefabs/FaderCanvas.prefab
  artifactKey: Guid(25a9b51216ac79a4d8058aa58c2d6889) Importer(815301076,1909f56bfc062723c751e8b465ee728b)
Start importing Assets/Prefabs/FaderCanvas.prefab using Guid(25a9b51216ac79a4d8058aa58c2d6889) Importer(815301076,1909f56bfc062723c751e8b465ee728b)  -> (artifact id: 'be26689c0fd4618ac75e17d800d4522f') in 0.044510 seconds
  Import took 0.049154 seconds .

========================================================================
Received Import Request.
  Time since last request: 0.000318 seconds.
  path: Assets/Prefabs/Gargoyle.prefab
  artifactKey: Guid(39d0626ce76d1884da050e0e509a5540) Importer(815301076,1909f56bfc062723c751e8b465ee728b)
Start importing Assets/Prefabs/Gargoyle.prefab using Guid(39d0626ce76d1884da050e0e509a5540) Importer(815301076,1909f56bfc062723c751e8b465ee728b)  -> (artifact id: '52b2b13564d09fccb36b50cf4344e848') in 0.259550 seconds
  Import took 0.264261 seconds .

========================================================================
Received Import Request.
  Time since last request: 0.000300 seconds.
  path: Assets/Prefabs/Level.prefab
  artifactKey: Guid(549c69af39b84624b8a053537c407def) Importer(815301076,1909f56bfc062723c751e8b465ee728b)
Start importing Assets/Prefabs/Level.prefab using Guid(549c69af39b84624b8a053537c407def) Importer(815301076,1909f56bfc062723c751e8b465ee728b)  -> (artifact id: '89dbf68fe546da384961e1eb324165a7') in 6.256352 seconds
  Import took 6.279127 seconds .

========================================================================
Received Import Request.
  Time since last request: 0.000351 seconds.
  path: Assets/Prefabs/PointOfView.prefab
  artifactKey: Guid(8a6f7024e2eb90140bdf570ef653bac8) Importer(815301076,1909f56bfc062723c751e8b465ee728b)
Start importing Assets/Prefabs/PointOfView.prefab using Guid(8a6f7024e2eb90140bdf570ef653bac8) Importer(815301076,1909f56bfc062723c751e8b465ee728b)  -> (artifact id: '71e6319f6b318538a7f3fe7f1d0380f6') in 0.015684 seconds
  Import took 0.020185 seconds .

========================================================================
Received Import Request.
  Time since last request: 0.000396 seconds.
  path: Assets/Prefabs/JohnLemon.prefab
  artifactKey: Guid(e58a8494f35e17f45ba5bbffdfb92517) Importer(815301076,1909f56bfc062723c751e8b465ee728b)
Start importing Assets/Prefabs/JohnLemon.prefab using Guid(e58a8494f35e17f45ba5bbffdfb92517) Importer(815301076,1909f56bfc062723c751e8b465ee728b)  -> (artifact id: '3547f7017a02c68e74a99ff200863b48') in 0.423480 seconds
  Import took 0.428516 seconds .

========================================================================
Received Import Request.
  Time since last request: 0.000336 seconds.
  path: Assets/Prefabs/GameEnding.prefab
  artifactKey: Guid(3d8158841df6b824eb4a665f82a99938) Importer(815301076,1909f56bfc062723c751e8b465ee728b)
Start importing Assets/Prefabs/GameEnding.prefab using Guid(3d8158841df6b824eb4a665f82a99938) Importer(815301076,1909f56bfc062723c751e8b465ee728b)  -> (artifact id: '4698971c0f092bacad3992f7b6bd84ed') in 0.018534 seconds
  Import took 0.023319 seconds .

========================================================================
Received Import Request.
  Time since last request: 0.000377 seconds.
  path: Assets/Prefabs/Ghost.prefab
  artifactKey: Guid(abeb186619cc7e6419cb81e1e4dfa162) Importer(815301076,1909f56bfc062723c751e8b465ee728b)
Start importing Assets/Prefabs/Ghost.prefab using Guid(abeb186619cc7e6419cb81e1e4dfa162) Importer(815301076,1909f56bfc062723c751e8b465ee728b)  -> (artifact id: '2b586110cdcf9726cc15b94cee2db825') in 0.041393 seconds
  Import took 0.046106 seconds .

========================================================================
Received Import Request.
  Time since last request: 3.043277 seconds.
  path: Assets/Textures/BathRoom
  artifactKey: Guid(65cb8151c5c1a364f96469ebdd3c605a) Importer(815301076,1909f56bfc062723c751e8b465ee728b)
Start importing Assets/Textures/BathRoom using Guid(65cb8151c5c1a364f96469ebdd3c605a) Importer(815301076,1909f56bfc062723c751e8b465ee728b)  -> (artifact id: '119ba166f7510dbd3e53a2421c04ed89') in 0.009689 seconds
  Import took 0.014082 seconds .

========================================================================
Received Import Request.
  Time since last request: 0.016888 seconds.
  path: Assets/Textures/BathRoom
  artifactKey: Guid(65cb8151c5c1a364f96469ebdd3c605a) Importer(815301076,1909f56bfc062723c751e8b465ee728b)
Start importing Assets/Textures/BathRoom using Guid(65cb8151c5c1a364f96469ebdd3c605a) Importer(815301076,1909f56bfc062723c751e8b465ee728b)  -> (artifact id: '119ba166f7510dbd3e53a2421c04ed89') in 0.003124 seconds
  Import took 0.006908 seconds .

========================================================================
Received Import Request.
  Time since last request: 0.099410 seconds.
  path: Assets/Textures/BathRoom/Bathtub_Albedo.tif
  artifactKey: Guid(1e33795d9bd064b43bde9b8d2040802f) Importer(815301076,1909f56bfc062723c751e8b465ee728b)
Start importing Assets/Textures/BathRoom/Bathtub_Albedo.tif using Guid(1e33795d9bd064b43bde9b8d2040802f) Importer(815301076,1909f56bfc062723c751e8b465ee728b)  -> (artifact id: 'b683546201c78357770feab98cac38ea') in 0.048173 seconds
  Import took 0.053201 seconds .

========================================================================
Received Import Request.
  Time since last request: 0.000318 seconds.
  path: Assets/Textures/BathRoom/Floor_Bathroom_Albedo.tif
  artifactKey: Guid(a8a10e9b4ea6b8846bfbf2f2f131c5c9) Importer(815301076,1909f56bfc062723c751e8b465ee728b)
Start importing Assets/Textures/BathRoom/Floor_Bathroom_Albedo.tif using Guid(a8a10e9b4ea6b8846bfbf2f2f131c5c9) Importer(815301076,1909f56bfc062723c751e8b465ee728b)  -> (artifact id: '0122f40ac56c65fa5d6bce356b1aa8e5') in 0.028864 seconds
  Import took 0.033256 seconds .

========================================================================
Received Import Request.
  Time since last request: 0.000314 seconds.
  path: Assets/Textures/BathRoom/BathtubLeg_Occlusion.tif
  artifactKey: Guid(31a2f2c86823ffa4eb5240e4fec6b4ea) Importer(815301076,1909f56bfc062723c751e8b465ee728b)
Start importing Assets/Textures/BathRoom/BathtubLeg_Occlusion.tif using Guid(31a2f2c86823ffa4eb5240e4fec6b4ea) Importer(815301076,1909f56bfc062723c751e8b465ee728b)  -> (artifact id: '85818a20809776fa7328602d9a7fecd3') in 0.023274 seconds
  Import took 0.027705 seconds .

========================================================================
Received Import Request.
  Time since last request: 0.000301 seconds.
  path: Assets/Textures/BathRoom/BathtubLeg_Normal.tif
  artifactKey: Guid(dd1469f195c1e5b478a8dc9f78cbd78e) Importer(815301076,1909f56bfc062723c751e8b465ee728b)
Start importing Assets/Textures/BathRoom/BathtubLeg_Normal.tif using Guid(dd1469f195c1e5b478a8dc9f78cbd78e) Importer(815301076,1909f56bfc062723c751e8b465ee728b)  -> (artifact id: 'd6df821a6ff65452f0f34516e6cfc5d3') in 0.032450 seconds
  Import took 0.036535 seconds .

========================================================================
Received Import Request.
  Time since last request: 0.000311 seconds.
  path: Assets/Textures/BathRoom/Mirror_Normal.tif
  artifactKey: Guid(f39e87291c3236f4fb7f42c125ce2502) Importer(815301076,1909f56bfc062723c751e8b465ee728b)
Start importing Assets/Textures/BathRoom/Mirror_Normal.tif using Guid(f39e87291c3236f4fb7f42c125ce2502) Importer(815301076,1909f56bfc062723c751e8b465ee728b)  -> (artifact id: '47359cba1736a80e0b1c6854972b2884') in 0.024828 seconds
  Import took 0.029872 seconds .

========================================================================
Received Import Request.
  Time since last request: 0.000341 seconds.
  path: Assets/Textures/BathRoom/Radiator_Occlusion.tif
  artifactKey: Guid(4852ba63fbf302f45a42b3fd12bedad1) Importer(815301076,1909f56bfc062723c751e8b465ee728b)
Start importing Assets/Textures/BathRoom/Radiator_Occlusion.tif using Guid(4852ba63fbf302f45a42b3fd12bedad1) Importer(815301076,1909f56bfc062723c751e8b465ee728b)  -> (artifact id: 'bd5a7ae60bd0acfd145f57a45d1fefa3') in 0.025453 seconds
  Import took 0.030146 seconds .

========================================================================
Received Import Request.
  Time since last request: 0.000354 seconds.
  path: Assets/Textures/BathRoom/mirror_occlusion.tif
  artifactKey: Guid(68cb3c2f0ee1dfa4a93994cbe79d0f20) Importer(815301076,1909f56bfc062723c751e8b465ee728b)
Start importing Assets/Textures/BathRoom/mirror_occlusion.tif using Guid(68cb3c2f0ee1dfa4a93994cbe79d0f20) Importer(815301076,1909f56bfc062723c751e8b465ee728b)  -> (artifact id: '3e11623fc6f59a134523bed1a563c82b') in 0.023289 seconds
  Import took 0.029399 seconds .

========================================================================
Received Import Request.
  Time since last request: 0.000303 seconds.
  path: Assets/Textures/BathRoom/Sink_Occlusion.tif
  artifactKey: Guid(5a4b9c727bc292047b9323681ad6ebd8) Importer(815301076,1909f56bfc062723c751e8b465ee728b)
Start importing Assets/Textures/BathRoom/Sink_Occlusion.tif using Guid(5a4b9c727bc292047b9323681ad6ebd8) Importer(815301076,1909f56bfc062723c751e8b465ee728b)  -> (artifact id: '09e2bdf924e9587f022c94db76cd38ef') in 0.026750 seconds
  Import took 0.030786 seconds .

========================================================================
Received Import Request.
  Time since last request: 0.000292 seconds.
  path: Assets/Textures/BathRoom/Sink_MetallicSmooth.tif
  artifactKey: Guid(21c4410ea00f38b40854a36ae65ad2f0) Importer(815301076,1909f56bfc062723c751e8b465ee728b)
Start importing Assets/Textures/BathRoom/Sink_MetallicSmooth.tif using Guid(21c4410ea00f38b40854a36ae65ad2f0) Importer(815301076,1909f56bfc062723c751e8b465ee728b)  -> (artifact id: '7363f4af3a40506a0aff33bb6aea8a1e') in 0.024754 seconds
  Import took 0.028815 seconds .

========================================================================
Received Import Request.
  Time since last request: 0.000334 seconds.
  path: Assets/Textures/BathRoom/Wall_Bathroom_Albedo.tif
  artifactKey: Guid(09664c153c68ab947b77deba659408dd) Importer(815301076,1909f56bfc062723c751e8b465ee728b)
Start importing Assets/Textures/BathRoom/Wall_Bathroom_Albedo.tif using Guid(09664c153c68ab947b77deba659408dd) Importer(815301076,1909f56bfc062723c751e8b465ee728b)  -> (artifact id: '92134798aed0a9ed816727ffeb39cb7c') in 0.029535 seconds
  Import took 0.033893 seconds .

========================================================================
Received Import Request.
  Time since last request: 0.000334 seconds.
  path: Assets/Textures/BathRoom/Sink_Albedo.tif
  artifactKey: Guid(e8b794424ae3f764ea7f07160bf25e48) Importer(815301076,1909f56bfc062723c751e8b465ee728b)
Start importing Assets/Textures/BathRoom/Sink_Albedo.tif using Guid(e8b794424ae3f764ea7f07160bf25e48) Importer(815301076,1909f56bfc062723c751e8b465ee728b)  -> (artifact id: 'fd6fbcf3672c73f23c27078c9c8b7652') in 0.023688 seconds
  Import took 0.027912 seconds .

========================================================================
Received Import Request.
  Time since last request: 0.000344 seconds.
  path: Assets/Textures/BathRoom/Radiator_MetallicSmooth.tif
  artifactKey: Guid(6ff967b7e855f1c4aa4bf8f6a2bee20e) Importer(815301076,1909f56bfc062723c751e8b465ee728b)
Start importing Assets/Textures/BathRoom/Radiator_MetallicSmooth.tif using Guid(6ff967b7e855f1c4aa4bf8f6a2bee20e) Importer(815301076,1909f56bfc062723c751e8b465ee728b)  -> (artifact id: '1ccb5832c248956ac9f6626f6e435081') in 0.024220 seconds
  Import took 0.028437 seconds .

========================================================================
Received Import Request.
  Time since last request: 0.000331 seconds.
  path: Assets/Textures/BathRoom/Sink_Normal.tif
  artifactKey: Guid(23f65d9c07a8f734a9303a1b91f19e39) Importer(815301076,1909f56bfc062723c751e8b465ee728b)
Start importing Assets/Textures/BathRoom/Sink_Normal.tif using Guid(23f65d9c07a8f734a9303a1b91f19e39) Importer(815301076,1909f56bfc062723c751e8b465ee728b)  -> (artifact id: 'd992de3ec08dfec139bad462a54f121e') in 0.028104 seconds
  Import took 0.032145 seconds .

========================================================================
Received Import Request.
  Time since last request: 0.000326 seconds.
  path: Assets/Textures/BathRoom/Pipe_Normal.tif
  artifactKey: Guid(a9fc6e48f7f8fe8438c73bb972362259) Importer(815301076,1909f56bfc062723c751e8b465ee728b)
Start importing Assets/Textures/BathRoom/Pipe_Normal.tif using Guid(a9fc6e48f7f8fe8438c73bb972362259) Importer(815301076,1909f56bfc062723c751e8b465ee728b)  -> (artifact id: 'af3bb155681bfddb8f9b3552e2c69810') in 0.024328 seconds
  Import took 0.028708 seconds .

========================================================================
Received Import Request.
  Time since last request: 0.000327 seconds.
  path: Assets/Textures/BathRoom/Pipe_Albedo.tif
  artifactKey: Guid(c23a3b7843be84e419da985a358671d9) Importer(815301076,1909f56bfc062723c751e8b465ee728b)
Start importing Assets/Textures/BathRoom/Pipe_Albedo.tif using Guid(c23a3b7843be84e419da985a358671d9) Importer(815301076,1909f56bfc062723c751e8b465ee728b)  -> (artifact id: 'de43dc48d98a36cd6e7b054a5369a17d') in 0.028615 seconds
  Import took 0.033395 seconds .

========================================================================
Received Import Request.
  Time since last request: 0.000331 seconds.
  path: Assets/Textures/BathRoom/Wall_Bathroom_Normal.tif
  artifactKey: Guid(56cd7d94e42eb12438f1cdbf457dd4de) Importer(815301076,1909f56bfc062723c751e8b465ee728b)
Start importing Assets/Textures/BathRoom/Wall_Bathroom_Normal.tif using Guid(56cd7d94e42eb12438f1cdbf457dd4de) Importer(815301076,1909f56bfc062723c751e8b465ee728b)  -> (artifact id: 'f821242f5ae4412f1a20132a1253aa53') in 0.026695 seconds
  Import took 0.030957 seconds .

========================================================================
Received Import Request.
  Time since last request: 0.000328 seconds.
  path: Assets/Textures/BathRoom/Floor_Bathroom_Occlusion.tif
  artifactKey: Guid(dc3be8bea457db34987416330563d54a) Importer(815301076,1909f56bfc062723c751e8b465ee728b)
Start importing Assets/Textures/BathRoom/Floor_Bathroom_Occlusion.tif using Guid(dc3be8bea457db34987416330563d54a) Importer(815301076,1909f56bfc062723c751e8b465ee728b)  -> (artifact id: 'f6f152aa2d8812a54cd16b640c17b351') in 0.024821 seconds
  Import took 0.028944 seconds .

========================================================================
Received Import Request.
  Time since last request: 0.000327 seconds.
  path: Assets/Textures/BathRoom/Pipe_MetallicSmooth.tif
  artifactKey: Guid(7da4809b977474d4695da2f3933ff430) Importer(815301076,1909f56bfc062723c751e8b465ee728b)
Start importing Assets/Textures/BathRoom/Pipe_MetallicSmooth.tif using Guid(7da4809b977474d4695da2f3933ff430) Importer(815301076,1909f56bfc062723c751e8b465ee728b)  -> (artifact id: '8104f4cfc9baca8265b49dd6e1bdfa7b') in 0.015871 seconds
  Import took 0.019983 seconds .

========================================================================
Received Import Request.
  Time since last request: 0.000335 seconds.
  path: Assets/Textures/BathRoom/Bathtub_Occlusion.tif
  artifactKey: Guid(a3b38686a7c75a54fa3dab70b08d6310) Importer(815301076,1909f56bfc062723c751e8b465ee728b)
Start importing Assets/Textures/BathRoom/Bathtub_Occlusion.tif using Guid(a3b38686a7c75a54fa3dab70b08d6310) Importer(815301076,1909f56bfc062723c751e8b465ee728b)  -> (artifact id: '5bfb07e9f550406e6c22c6a36080c6d1') in 0.024921 seconds
  Import took 0.029485 seconds .

========================================================================
Received Import Request.
  Time since last request: 0.000329 seconds.
  path: Assets/Textures/BathRoom/BathtubLeg_MetallicSmooth.tif
  artifactKey: Guid(035b28d384a3fe44c96407179c34f574) Importer(815301076,1909f56bfc062723c751e8b465ee728b)
Start importing Assets/Textures/BathRoom/BathtubLeg_MetallicSmooth.tif using Guid(035b28d384a3fe44c96407179c34f574) Importer(815301076,1909f56bfc062723c751e8b465ee728b)  -> (artifact id: '021488aefea4dfbae08b43cf04194faa') in 0.033976 seconds
  Import took 0.038246 seconds .

========================================================================
Received Import Request.
  Time since last request: 0.000323 seconds.
  path: Assets/Textures/BathRoom/Floor_Bathroom_MetallicSmooth.tif
  artifactKey: Guid(9b75a955ca7b6b84babaa891e2ca217f) Importer(815301076,1909f56bfc062723c751e8b465ee728b)
Start importing Assets/Textures/BathRoom/Floor_Bathroom_MetallicSmooth.tif using Guid(9b75a955ca7b6b84babaa891e2ca217f) Importer(815301076,1909f56bfc062723c751e8b465ee728b)  -> (artifact id: 'f8e77937fb681eefa292b3c8e2181045') in 0.018959 seconds
  Import took 0.023285 seconds .

========================================================================
Received Import Request.
  Time since last request: 0.000335 seconds.
  path: Assets/Textures/BathRoom/Wall_Bathroom_Occlusion.tif
  artifactKey: Guid(ccd8d6ec7f5c33244ab0108edf362764) Importer(815301076,1909f56bfc062723c751e8b465ee728b)
Start importing Assets/Textures/BathRoom/Wall_Bathroom_Occlusion.tif using Guid(ccd8d6ec7f5c33244ab0108edf362764) Importer(815301076,1909f56bfc062723c751e8b465ee728b)  -> (artifact id: '4720dcf49212e98456ed159ebb1c5f19') in 0.025965 seconds
  Import took 0.031155 seconds .

========================================================================
Received Import Request.
  Time since last request: 0.000320 seconds.
  path: Assets/Textures/BathRoom/Wall_Bathroom_MetallicSmooth.tif
  artifactKey: Guid(c347cde124f07b3458f80c005e7bca31) Importer(815301076,1909f56bfc062723c751e8b465ee728b)
Start importing Assets/Textures/BathRoom/Wall_Bathroom_MetallicSmooth.tif using Guid(c347cde124f07b3458f80c005e7bca31) Importer(815301076,1909f56bfc062723c751e8b465ee728b)  -> (artifact id: '78fcd947fefeb0a7f6026421ec605619') in 0.018935 seconds
  Import took 0.023506 seconds .

========================================================================
Received Import Request.
  Time since last request: 0.000304 seconds.
  path: Assets/Textures/BathRoom/Bathtub_Normal.tif
  artifactKey: Guid(77ca587615e748e44848958159bf200d) Importer(815301076,1909f56bfc062723c751e8b465ee728b)
Start importing Assets/Textures/BathRoom/Bathtub_Normal.tif using Guid(77ca587615e748e44848958159bf200d) Importer(815301076,1909f56bfc062723c751e8b465ee728b)  -> (artifact id: '6d0687d4aae374aa818f5a321f52d2ff') in 0.027711 seconds
  Import took 0.031883 seconds .

========================================================================
Received Import Request.
  Time since last request: 0.000504 seconds.
  path: Assets/Textures/BathRoom/BathtubLeg_Albedo.tif
  artifactKey: Guid(8b0c12b29315a7d4dbe2e5aeb92f67ca) Importer(815301076,1909f56bfc062723c751e8b465ee728b)
Start importing Assets/Textures/BathRoom/BathtubLeg_Albedo.tif using Guid(8b0c12b29315a7d4dbe2e5aeb92f67ca) Importer(815301076,1909f56bfc062723c751e8b465ee728b)  -> (artifact id: '486d6e521e640ca3ef82dd914ecb300f') in 0.025685 seconds
  Import took 0.030275 seconds .

========================================================================
Received Import Request.
  Time since last request: 0.000300 seconds.
  path: Assets/Textures/BathRoom/Mirror_MetallicSmooth.tif
  artifactKey: Guid(f2897444e56a62f45813d612a9ae6726) Importer(815301076,1909f56bfc062723c751e8b465ee728b)
Start importing Assets/Textures/BathRoom/Mirror_MetallicSmooth.tif using Guid(f2897444e56a62f45813d612a9ae6726) Importer(815301076,1909f56bfc062723c751e8b465ee728b)  -> (artifact id: '5513793b0bd541037b22b7633d3bfa58') in 0.017118 seconds
  Import took 0.021166 seconds .

========================================================================
Received Import Request.
  Time since last request: 0.000319 seconds.
  path: Assets/Textures/BathRoom/Floor_Bathroom_Gloss.tif
  artifactKey: Guid(7aac3d8b683cb714a8401a466f41f189) Importer(815301076,1909f56bfc062723c751e8b465ee728b)
Start importing Assets/Textures/BathRoom/Floor_Bathroom_Gloss.tif using Guid(7aac3d8b683cb714a8401a466f41f189) Importer(815301076,1909f56bfc062723c751e8b465ee728b)  -> (artifact id: '121318fd9d69584e0f67a4d219bac157') in 0.025009 seconds
  Import took 0.029333 seconds .

========================================================================
Received Import Request.
  Time since last request: 0.000309 seconds.
  path: Assets/Textures/BathRoom/Pipe_Occlusion.tif
  artifactKey: Guid(3b84af017fcbb4e4a9adbd89a6ed81c8) Importer(815301076,1909f56bfc062723c751e8b465ee728b)
Start importing Assets/Textures/BathRoom/Pipe_Occlusion.tif using Guid(3b84af017fcbb4e4a9adbd89a6ed81c8) Importer(815301076,1909f56bfc062723c751e8b465ee728b)  -> (artifact id: '210529acfa2563e2d0d8cc4d066cde7d') in 0.024191 seconds
  Import took 0.028298 seconds .

========================================================================
Received Import Request.
  Time since last request: 0.000319 seconds.
  path: Assets/Textures/BathRoom/Radiator_Albedo.tif
  artifactKey: Guid(95f8df1446ab7df4d84388b4897b6445) Importer(815301076,1909f56bfc062723c751e8b465ee728b)
Start importing Assets/Textures/BathRoom/Radiator_Albedo.tif using Guid(95f8df1446ab7df4d84388b4897b6445) Importer(815301076,1909f56bfc062723c751e8b465ee728b)  -> (artifact id: 'ccb17f54293863de6b83f20f6b06fb1d') in 0.026635 seconds
  Import took 0.030817 seconds .

========================================================================
Received Import Request.
  Time since last request: 0.000317 seconds.
  path: Assets/Textures/BathRoom/Radiator_Normal.tif
  artifactKey: Guid(0106aeee9b63e1043a45c32b560576de) Importer(815301076,1909f56bfc062723c751e8b465ee728b)
Start importing Assets/Textures/BathRoom/Radiator_Normal.tif using Guid(0106aeee9b63e1043a45c32b560576de) Importer(815301076,1909f56bfc062723c751e8b465ee728b)  -> (artifact id: '296b2d0b9f0a3b8cb1f510f1c38da49c') in 0.027415 seconds
  Import took 0.031481 seconds .

========================================================================
Received Import Request.
  Time since last request: 0.000324 seconds.
  path: Assets/Textures/BathRoom/Bathtub_MetallicSmooth.tif
  artifactKey: Guid(d4766011bebe0f94f8852e78e1f2fadf) Importer(815301076,1909f56bfc062723c751e8b465ee728b)
Start importing Assets/Textures/BathRoom/Bathtub_MetallicSmooth.tif using Guid(d4766011bebe0f94f8852e78e1f2fadf) Importer(815301076,1909f56bfc062723c751e8b465ee728b)  -> (artifact id: '58a91ba9aaeaed3e37fd8c5cd98b4125') in 0.024933 seconds
  Import took 0.029669 seconds .

========================================================================
Received Import Request.
  Time since last request: 0.000324 seconds.
  path: Assets/Textures/BathRoom/Floor_Bathroom_Normal.tif
  artifactKey: Guid(d028a69709938384faa0084792e6973c) Importer(815301076,1909f56bfc062723c751e8b465ee728b)
Start importing Assets/Textures/BathRoom/Floor_Bathroom_Normal.tif using Guid(d028a69709938384faa0084792e6973c) Importer(815301076,1909f56bfc062723c751e8b465ee728b)  -> (artifact id: 'ec227a6983b4b5e51be95206edf520ba') in 0.026060 seconds
  Import took 0.030133 seconds .

========================================================================
Received Import Request.
  Time since last request: 0.000324 seconds.
  path: Assets/Textures/BathRoom/Mirror_Albedo.tif
  artifactKey: Guid(8416b46c71de4b1479e04f4341995028) Importer(815301076,1909f56bfc062723c751e8b465ee728b)
Start importing Assets/Textures/BathRoom/Mirror_Albedo.tif using Guid(8416b46c71de4b1479e04f4341995028) Importer(815301076,1909f56bfc062723c751e8b465ee728b)  -> (artifact id: '58bb2b6908056f8516ab860b1fb739d7') in 0.025208 seconds
  Import took 0.029434 seconds .

========================================================================
Received Import Request.
  Time since last request: 4.572302 seconds.
  path: Assets/Scripts
  artifactKey: Guid(4b32d296f22ef544caf49758d8111991) Importer(815301076,1909f56bfc062723c751e8b465ee728b)
Start importing Assets/Scripts using Guid(4b32d296f22ef544caf49758d8111991) Importer(815301076,1909f56bfc062723c751e8b465ee728b)  -> (artifact id: '27e2a885580c48ed92c3b06da0f8ab93') in 0.010118 seconds
  Import took 0.015159 seconds .

========================================================================
Received Import Request.
  Time since last request: 2.553406 seconds.
  path: Assets/Scripts/GameEnding.cs
  artifactKey: Guid(3c2912133fd6d574f81dc713829954dd) Importer(815301076,1909f56bfc062723c751e8b465ee728b)
Start importing Assets/Scripts/GameEnding.cs using Guid(3c2912133fd6d574f81dc713829954dd) Importer(815301076,1909f56bfc062723c751e8b465ee728b)  -> (artifact id: 'a0bc90a35bfa9eb99d4b007178875ec8') in 0.212613 seconds
  Import took 0.217871 seconds .

AssetImportWorkerClient::OnTransportError - code=2 error=End of file
