Using pre-set license
Built from '2020.2/staging' branch; Version is '2020.2.7f1 (c53830e277f1) revision 12924976'; Using compiler version '192528614'; Build Type 'Release'
OS: 'Windows 10 Pro; OS build 18363.1379; Version 1909; 64bit' Language: 'ru' Physical Memory: 8112 MB
BatchMode: 1, IsHumanControllingUs: 0, StartBugReporterOnCrash: 0, Is64bit: 1, IsPro: 0

 COMMAND LINE ARGUMENTS:
C:\Program Files\Unity\Hub\Editor\2020.2.7f1\Editor\Unity.exe
-adb2
-batchMode
-noUpm
-name
AssetImportWorker0
-projectPath
G:/Projects/My Game
-logFile
Logs/AssetImportWorker0.log
-srvPort
49734
Successfully changed project path to: G:/Projects/My Game
G:/Projects/My Game
Using Asset Import Pipeline V2.
Refreshing native plugins compatible for Editor in 47.16 ms, found 0 plugins.
Preloading 0 native plugins for Editor in 0.00 ms.
Initialize engine version: 2020.2.7f1 (c53830e277f1)
[Subsystems] Discovering subsystems at path C:/Program Files/Unity/Hub/Editor/2020.2.7f1/Editor/Data/Resources/UnitySubsystems
[Subsystems] Discovering subsystems at path G:/Projects/My Game/Assets
GfxDevice: creating device client; threaded=0
Direct3D:
    Version:  Direct3D 11.0 [level 11.1]
    Renderer: NVIDIA GeForce GTX 1050 (ID=0x1c81)
    Vendor:   
    VRAM:     1977 MB
    Driver:   27.21.14.5671
Initialize mono
Mono path[0] = 'C:/Program Files/Unity/Hub/Editor/2020.2.7f1/Editor/Data/Managed'
Mono path[1] = 'C:/Program Files/Unity/Hub/Editor/2020.2.7f1/Editor/Data/MonoBleedingEdge/lib/mono/unityjit'
Mono config path = 'C:/Program Files/Unity/Hub/Editor/2020.2.7f1/Editor/Data/MonoBleedingEdge/etc'
Using monoOptions --debugger-agent=transport=dt_socket,embedding=1,server=y,suspend=n,address=127.0.0.1:56764
Begin MonoManager ReloadAssembly
Registering precompiled unity dll's ...
Register platform support module: C:/Program Files/Unity/Hub/Editor/2020.2.7f1/Editor/Data/PlaybackEngines/WindowsStandaloneSupport/UnityEditor.WindowsStandalone.Extensions.dll
Registered in 0.155836 seconds.
Native extension for WindowsStandalone target not found
Refreshing native plugins compatible for Editor in 45.76 ms, found 0 plugins.
Preloading 0 native plugins for Editor in 0.00 ms.
Invoked RoslynAnalysisRunner static constructor.
RoslynAnalysisRunner will not be running.
RoslynAnalysisRunner has terminated.
Mono: successfully reloaded assembly
- Completed reload, in  5.951 seconds
Platform modules already initialized, skipping
Registering precompiled user dll's ...
Registered in 0.063421 seconds.
Begin MonoManager ReloadAssembly
Native extension for WindowsStandalone target not found
Refreshing native plugins compatible for Editor in 0.42 ms, found 0 plugins.
Preloading 0 native plugins for Editor in 0.00 ms.
Invoked RoslynAnalysisRunner static constructor.
RoslynAnalysisRunner will not be running.
RoslynAnalysisRunner has terminated.
Mono: successfully reloaded assembly
- Completed reload, in  1.727 seconds
Platform modules already initialized, skipping
========================================================================
Worker process is ready to serve import requests
Launched and connected shader compiler UnityShaderCompiler.exe after 0.07 seconds
Refreshing native plugins compatible for Editor in 0.39 ms, found 0 plugins.
Preloading 0 native plugins for Editor in 0.00 ms.
Unloading 1114 Unused Serialized files (Serialized files now loaded: 0)
System memory in use before: 57.0 MB.
System memory in use after: 57.0 MB.

Unloading 10 unused Assets to reduce memory usage. Loaded Objects now: 1556.
Total: 2.894400 ms (FindLiveObjects: 0.189600 ms CreateObjectMapping: 0.081600 ms MarkObjects: 2.499000 ms  DeleteObjects: 0.122100 ms)

========================================================================
Received Import Request.
  path: Assets/Scripts/Player.cs
  artifactKey: Guid(994cc227d557aee4f911a4fcc3c529d3) Importer(815301076,1909f56bfc062723c751e8b465ee728b)
Start importing Assets/Scripts/Player.cs using Guid(994cc227d557aee4f911a4fcc3c529d3) Importer(815301076,1909f56bfc062723c751e8b465ee728b)  -> (artifact id: '405b29bce2c293a13883dc6757931219') in 0.039100 seconds
  Import took 0.042131 seconds .

========================================================================
Received Prepare
Registering precompiled user dll's ...
Registered in 0.000874 seconds.
Begin MonoManager ReloadAssembly
Native extension for WindowsStandalone target not found
Refreshing native plugins compatible for Editor in 0.41 ms, found 0 plugins.
Preloading 0 native plugins for Editor in 0.00 ms.
Invoked RoslynAnalysisRunner static constructor.
RoslynAnalysisRunner will not be running.
RoslynAnalysisRunner has terminated.
Mono: successfully reloaded assembly
- Completed reload, in  1.687 seconds
Platform modules already initialized, skipping
Refreshing native plugins compatible for Editor in 0.39 ms, found 0 plugins.
Preloading 0 native plugins for Editor in 0.00 ms.
Unloading 1109 Unused Serialized files (Serialized files now loaded: 0)
System memory in use before: 56.9 MB.
System memory in use after: 57.0 MB.

Unloading 5 unused Assets to reduce memory usage. Loaded Objects now: 1559.
Total: 2.409900 ms (FindLiveObjects: 0.166000 ms CreateObjectMapping: 0.076300 ms MarkObjects: 2.086300 ms  DeleteObjects: 0.079600 ms)

========================================================================
Received Import Request.
  Time since last request: 44.124696 seconds.
  path: Assets/Scripts/Player.cs
  artifactKey: Guid(994cc227d557aee4f911a4fcc3c529d3) Importer(815301076,1909f56bfc062723c751e8b465ee728b)
Start importing Assets/Scripts/Player.cs using Guid(994cc227d557aee4f911a4fcc3c529d3) Importer(815301076,1909f56bfc062723c751e8b465ee728b)  -> (artifact id: '7673f1cf92c9cea72f2eb721f4ca2c40') in 0.006180 seconds
  Import took 0.008917 seconds .

========================================================================
Received Prepare
Registering precompiled user dll's ...
Registered in 0.000839 seconds.
Begin MonoManager ReloadAssembly
Native extension for WindowsStandalone target not found
Refreshing native plugins compatible for Editor in 0.40 ms, found 0 plugins.
Preloading 0 native plugins for Editor in 0.00 ms.
Invoked RoslynAnalysisRunner static constructor.
RoslynAnalysisRunner will not be running.
RoslynAnalysisRunner has terminated.
Mono: successfully reloaded assembly
- Completed reload, in  1.476 seconds
Platform modules already initialized, skipping
Refreshing native plugins compatible for Editor in 0.38 ms, found 0 plugins.
Preloading 0 native plugins for Editor in 0.00 ms.
Unloading 1109 Unused Serialized files (Serialized files now loaded: 0)
System memory in use before: 56.9 MB.
System memory in use after: 57.0 MB.

Unloading 5 unused Assets to reduce memory usage. Loaded Objects now: 1562.
Total: 2.464800 ms (FindLiveObjects: 0.162700 ms CreateObjectMapping: 0.074500 ms MarkObjects: 2.149800 ms  DeleteObjects: 0.075900 ms)

========================================================================
Received Import Request.
  Time since last request: 11.703542 seconds.
  path: Assets/Scripts/Player.cs
  artifactKey: Guid(994cc227d557aee4f911a4fcc3c529d3) Importer(815301076,1909f56bfc062723c751e8b465ee728b)
Start importing Assets/Scripts/Player.cs using Guid(994cc227d557aee4f911a4fcc3c529d3) Importer(815301076,1909f56bfc062723c751e8b465ee728b)  -> (artifact id: '70af196039c698cc62ec505c27e994db') in 0.006116 seconds
  Import took 0.008770 seconds .

========================================================================
Received Prepare
Registering precompiled user dll's ...
Registered in 0.000849 seconds.
Begin MonoManager ReloadAssembly
Native extension for WindowsStandalone target not found
Refreshing native plugins compatible for Editor in 0.40 ms, found 0 plugins.
Preloading 0 native plugins for Editor in 0.00 ms.
Invoked RoslynAnalysisRunner static constructor.
RoslynAnalysisRunner will not be running.
RoslynAnalysisRunner has terminated.
Mono: successfully reloaded assembly
- Completed reload, in  1.457 seconds
Platform modules already initialized, skipping
Refreshing native plugins compatible for Editor in 0.37 ms, found 0 plugins.
Preloading 0 native plugins for Editor in 0.00 ms.
Unloading 1109 Unused Serialized files (Serialized files now loaded: 0)
System memory in use before: 56.9 MB.
System memory in use after: 57.0 MB.

Unloading 5 unused Assets to reduce memory usage. Loaded Objects now: 1565.
Total: 2.707700 ms (FindLiveObjects: 0.182500 ms CreateObjectMapping: 0.075900 ms MarkObjects: 2.359200 ms  DeleteObjects: 0.088100 ms)

========================================================================
Received Import Request.
  Time since last request: 1024.424192 seconds.
  path: Assets/Prefabs/Player 1.prefab
  artifactKey: Guid(b50bf57b1998c494da2f23252c1544ce) Importer(815301076,1909f56bfc062723c751e8b465ee728b)
Start importing Assets/Prefabs/Player 1.prefab using Guid(b50bf57b1998c494da2f23252c1544ce) Importer(815301076,1909f56bfc062723c751e8b465ee728b)  -> (artifact id: '302b0ac6f2be22352db801494b54d6a2') in 0.194852 seconds
  Import took 0.198206 seconds .

========================================================================
Received Import Request.
  Time since last request: 6.199729 seconds.
  path: Assets/Prefabs/Player 1.prefab
  artifactKey: Guid(b50bf57b1998c494da2f23252c1544ce) Importer(815301076,1909f56bfc062723c751e8b465ee728b)
Start importing Assets/Prefabs/Player 1.prefab using Guid(b50bf57b1998c494da2f23252c1544ce) Importer(815301076,1909f56bfc062723c751e8b465ee728b)  -> (artifact id: '02d6fb16e86d31784b488d7115548aca') in 0.020606 seconds
  Import took 0.023766 seconds .

========================================================================
Received Import Request.
  Time since last request: 0.005273 seconds.
  path: Assets/Prefabs/Player 1.prefab
  artifactKey: Guid(b50bf57b1998c494da2f23252c1544ce) Importer(815301076,1909f56bfc062723c751e8b465ee728b)
Start importing Assets/Prefabs/Player 1.prefab using Guid(b50bf57b1998c494da2f23252c1544ce) Importer(815301076,1909f56bfc062723c751e8b465ee728b)  -> (artifact id: '02d6fb16e86d31784b488d7115548aca') in 0.020610 seconds
  Import took 0.023559 seconds .

========================================================================
Received Import Request.
  Time since last request: 2.286762 seconds.
  path: Assets/Prefabs/Player 1.prefab
  artifactKey: Guid(b50bf57b1998c494da2f23252c1544ce) Importer(815301076,1909f56bfc062723c751e8b465ee728b)
Start importing Assets/Prefabs/Player 1.prefab using Guid(b50bf57b1998c494da2f23252c1544ce) Importer(815301076,1909f56bfc062723c751e8b465ee728b)  -> (artifact id: 'b22cae49725b3b404f40a9dd73291290') in 0.013970 seconds
  Import took 0.017313 seconds .

========================================================================
Received Import Request.
  Time since last request: 0.011508 seconds.
  path: Assets/Prefabs/Player 1.prefab
  artifactKey: Guid(b50bf57b1998c494da2f23252c1544ce) Importer(815301076,1909f56bfc062723c751e8b465ee728b)
Start importing Assets/Prefabs/Player 1.prefab using Guid(b50bf57b1998c494da2f23252c1544ce) Importer(815301076,1909f56bfc062723c751e8b465ee728b)  -> (artifact id: 'b22cae49725b3b404f40a9dd73291290') in 0.020322 seconds
  Import took 0.023512 seconds .

========================================================================
Received Import Request.
  Time since last request: 13.548687 seconds.
  path: Assets/Prefabs/Player 1.prefab
  artifactKey: Guid(b50bf57b1998c494da2f23252c1544ce) Importer(815301076,1909f56bfc062723c751e8b465ee728b)
Start importing Assets/Prefabs/Player 1.prefab using Guid(b50bf57b1998c494da2f23252c1544ce) Importer(815301076,1909f56bfc062723c751e8b465ee728b)  -> (artifact id: '0771b45a14188b5c851df358f6caccc0') in 0.022997 seconds
  Import took 0.026326 seconds .

========================================================================
Received Import Request.
  Time since last request: 17.214682 seconds.
  path: Assets/Prefabs/Enemy.prefab
  artifactKey: Guid(b50bf57b1998c494da2f23252c1544ce) Importer(815301076,1909f56bfc062723c751e8b465ee728b)
Start importing Assets/Prefabs/Enemy.prefab using Guid(b50bf57b1998c494da2f23252c1544ce) Importer(815301076,1909f56bfc062723c751e8b465ee728b)  -> (artifact id: '9ccc25e9a3fcf5f6469fc22010cd4e30') in 0.034837 seconds
  Import took 0.057847 seconds .

========================================================================
Received Import Request.
  Time since last request: 6.272922 seconds.
  path: Assets/Material/Ground.mat
  artifactKey: Guid(66dd427ba501d304ab2f16b595901fe0) Importer(815301076,1909f56bfc062723c751e8b465ee728b)
Start importing Assets/Material/Ground.mat using Guid(66dd427ba501d304ab2f16b595901fe0) Importer(815301076,1909f56bfc062723c751e8b465ee728b)  -> (artifact id: '2c16a0b37b24320cabbfe8cd03ef5753') in 0.098817 seconds
  Import took 0.101913 seconds .

========================================================================
Received Import Request.
  Time since last request: 0.000247 seconds.
  path: Assets/Material/PlayerHead.mat
  artifactKey: Guid(d6c75fa01c5ba6540b994246b0062d06) Importer(815301076,1909f56bfc062723c751e8b465ee728b)
Start importing Assets/Material/PlayerHead.mat using Guid(d6c75fa01c5ba6540b994246b0062d06) Importer(815301076,1909f56bfc062723c751e8b465ee728b)  -> (artifact id: '7c8124375aee5598cb132b3bff9a8c23') in 0.025979 seconds
  Import took 0.028711 seconds .

========================================================================
Received Import Request.
  Time since last request: 0.000272 seconds.
  path: Assets/Material/PlayerBody.mat
  artifactKey: Guid(ecf85574541f9a341a0572649a7de0c9) Importer(815301076,1909f56bfc062723c751e8b465ee728b)
Start importing Assets/Material/PlayerBody.mat using Guid(ecf85574541f9a341a0572649a7de0c9) Importer(815301076,1909f56bfc062723c751e8b465ee728b)  -> (artifact id: '2a5d019d88e3a11889f004c62eae568b') in 0.024944 seconds
  Import took 0.027802 seconds .

========================================================================
Received Import Request.
  Time since last request: 0.000237 seconds.
  path: Assets/Material/PlayerLegs.mat
  artifactKey: Guid(52a2eb46b571c4649a6a169506983971) Importer(815301076,1909f56bfc062723c751e8b465ee728b)
Start importing Assets/Material/PlayerLegs.mat using Guid(52a2eb46b571c4649a6a169506983971) Importer(815301076,1909f56bfc062723c751e8b465ee728b)  -> (artifact id: '3f30aa11ffb9e62f549dc780dc94fb56') in 0.026206 seconds
  Import took 0.038657 seconds .

========================================================================
Received Import Request.
  Time since last request: 0.000266 seconds.
  path: Assets/Material/Wall.mat
  artifactKey: Guid(72d27b53ad3994c4ab772e7758269641) Importer(815301076,1909f56bfc062723c751e8b465ee728b)
Start importing Assets/Material/Wall.mat using Guid(72d27b53ad3994c4ab772e7758269641) Importer(815301076,1909f56bfc062723c751e8b465ee728b)  -> (artifact id: '36e597338bd361228a437aaf606604c0') in 0.035619 seconds
  Import took 0.038433 seconds .

========================================================================
Received Import Request.
  Time since last request: 11.556188 seconds.
  path: Assets/Material/EnemyBody.mat
  artifactKey: Guid(f88dbc04f5976d14fbe92b82dc8d1bb3) Importer(815301076,1909f56bfc062723c751e8b465ee728b)
Start importing Assets/Material/EnemyBody.mat using Guid(f88dbc04f5976d14fbe92b82dc8d1bb3) Importer(815301076,1909f56bfc062723c751e8b465ee728b)  -> (artifact id: '511e5c59c9d79046f5e3e2443ea037e4') in 0.024496 seconds
  Import took 0.027533 seconds .

========================================================================
Received Import Request.
  Time since last request: 19.810260 seconds.
  path: Assets/Prefabs/Enemy.prefab
  artifactKey: Guid(b50bf57b1998c494da2f23252c1544ce) Importer(815301076,1909f56bfc062723c751e8b465ee728b)
Start importing Assets/Prefabs/Enemy.prefab using Guid(b50bf57b1998c494da2f23252c1544ce) Importer(815301076,1909f56bfc062723c751e8b465ee728b)  -> (artifact id: 'c7246bace213b857424136711173bc32') in 0.020371 seconds
  Import took 0.023875 seconds .

========================================================================
Received Import Request.
  Time since last request: 30.161861 seconds.
  path: Assets/Scripts/Spawner.cs
  artifactKey: Guid(9ed75682d69158f4198bb8045690e734) Importer(815301076,1909f56bfc062723c751e8b465ee728b)
Start importing Assets/Scripts/Spawner.cs using Guid(9ed75682d69158f4198bb8045690e734) Importer(815301076,1909f56bfc062723c751e8b465ee728b)  -> (artifact id: '6f42a9ed0b41c8c55ddc9de563a853d7') in 0.010371 seconds
  Import took 0.013576 seconds .

========================================================================
Received Prepare
Registering precompiled user dll's ...
Registered in 0.000827 seconds.
Begin MonoManager ReloadAssembly
Native extension for WindowsStandalone target not found
Refreshing native plugins compatible for Editor in 0.51 ms, found 0 plugins.
Preloading 0 native plugins for Editor in 0.00 ms.
Invoked RoslynAnalysisRunner static constructor.
RoslynAnalysisRunner will not be running.
RoslynAnalysisRunner has terminated.
Mono: successfully reloaded assembly
- Completed reload, in  1.455 seconds
Platform modules already initialized, skipping
Refreshing native plugins compatible for Editor in 0.40 ms, found 0 plugins.
Preloading 0 native plugins for Editor in 0.00 ms.
Unloading 1110 Unused Serialized files (Serialized files now loaded: 0)
System memory in use before: 60.4 MB.
System memory in use after: 60.5 MB.

Unloading 5 unused Assets to reduce memory usage. Loaded Objects now: 1612.
Total: 2.439400 ms (FindLiveObjects: 0.177500 ms CreateObjectMapping: 0.074900 ms MarkObjects: 2.106500 ms  DeleteObjects: 0.078700 ms)

========================================================================
Received Import Request.
  Time since last request: 243.267489 seconds.
  path: Assets/Prefabs/Player.prefab
  artifactKey: Guid(c5a6bc49ef3a2f8498009ce8ac1d2397) Importer(815301076,1909f56bfc062723c751e8b465ee728b)
Start importing Assets/Prefabs/Player.prefab using Guid(c5a6bc49ef3a2f8498009ce8ac1d2397) Importer(815301076,1909f56bfc062723c751e8b465ee728b)  -> (artifact id: '1e78133c0dcd1389b3ac6f4e0dcd850f') in 0.104672 seconds
  Import took 0.107838 seconds .

========================================================================
Received Import Request.
  Time since last request: 24.105498 seconds.
  path: Assets/Prefabs/Player.prefab
  artifactKey: Guid(c5a6bc49ef3a2f8498009ce8ac1d2397) Importer(815301076,1909f56bfc062723c751e8b465ee728b)
Start importing Assets/Prefabs/Player.prefab using Guid(c5a6bc49ef3a2f8498009ce8ac1d2397) Importer(815301076,1909f56bfc062723c751e8b465ee728b)  -> (artifact id: '81f7457960e7fcc504fb4f0afd3a0033') in 0.028470 seconds
  Import took 0.031764 seconds .

========================================================================
Received Import Request.
  Time since last request: 117.458937 seconds.
  path: Assets/Prefabs/bullet.prefab
  artifactKey: Guid(b99d45bb8c6557648a4b0659e764a029) Importer(815301076,1909f56bfc062723c751e8b465ee728b)
Start importing Assets/Prefabs/bullet.prefab using Guid(b99d45bb8c6557648a4b0659e764a029) Importer(815301076,1909f56bfc062723c751e8b465ee728b)  -> (artifact id: '2a1780ca0f897f7a82f7c681e623c7a2') in 0.031736 seconds
  Import took 0.035364 seconds .

========================================================================
Received Import Request.
  Time since last request: 0.020076 seconds.
  path: Assets/Prefabs/bullet.prefab
  artifactKey: Guid(b99d45bb8c6557648a4b0659e764a029) Importer(815301076,1909f56bfc062723c751e8b465ee728b)
Start importing Assets/Prefabs/bullet.prefab using Guid(b99d45bb8c6557648a4b0659e764a029) Importer(815301076,1909f56bfc062723c751e8b465ee728b)  -> (artifact id: '2a1780ca0f897f7a82f7c681e623c7a2') in 0.011462 seconds
  Import took 0.014514 seconds .

========================================================================
Received Prepare
Registering precompiled user dll's ...
Registered in 0.000921 seconds.
Begin MonoManager ReloadAssembly
Native extension for WindowsStandalone target not found
Refreshing native plugins compatible for Editor in 0.43 ms, found 0 plugins.
Preloading 0 native plugins for Editor in 0.00 ms.
Invoked RoslynAnalysisRunner static constructor.
RoslynAnalysisRunner will not be running.
RoslynAnalysisRunner has terminated.
Mono: successfully reloaded assembly
- Completed reload, in  1.490 seconds
Platform modules already initialized, skipping
Refreshing native plugins compatible for Editor in 0.39 ms, found 0 plugins.
Preloading 0 native plugins for Editor in 0.00 ms.
Unloading 1110 Unused Serialized files (Serialized files now loaded: 0)
System memory in use before: 60.5 MB.
System memory in use after: 60.5 MB.

Unloading 6 unused Assets to reduce memory usage. Loaded Objects now: 1617.
Total: 2.442800 ms (FindLiveObjects: 0.181700 ms CreateObjectMapping: 0.072600 ms MarkObjects: 2.100600 ms  DeleteObjects: 0.085900 ms)

========================================================================
Received Prepare
Registering precompiled user dll's ...
Registered in 0.000816 seconds.
Begin MonoManager ReloadAssembly
Native extension for WindowsStandalone target not found
Refreshing native plugins compatible for Editor in 0.41 ms, found 0 plugins.
Preloading 0 native plugins for Editor in 0.00 ms.
Invoked RoslynAnalysisRunner static constructor.
RoslynAnalysisRunner will not be running.
RoslynAnalysisRunner has terminated.
Mono: successfully reloaded assembly
- Completed reload, in  1.440 seconds
Platform modules already initialized, skipping
Refreshing native plugins compatible for Editor in 0.40 ms, found 0 plugins.
Preloading 0 native plugins for Editor in 0.00 ms.
Unloading 1110 Unused Serialized files (Serialized files now loaded: 0)
System memory in use before: 60.5 MB.
System memory in use after: 60.5 MB.

Unloading 5 unused Assets to reduce memory usage. Loaded Objects now: 1620.
Total: 2.498000 ms (FindLiveObjects: 0.178800 ms CreateObjectMapping: 0.074000 ms MarkObjects: 2.163100 ms  DeleteObjects: 0.079900 ms)

========================================================================
Received Import Request.
  Time since last request: 286.758986 seconds.
  path: Assets/Scripts/Spawner.cs
  artifactKey: Guid(9ed75682d69158f4198bb8045690e734) Importer(815301076,1909f56bfc062723c751e8b465ee728b)
Start importing Assets/Scripts/Spawner.cs using Guid(9ed75682d69158f4198bb8045690e734) Importer(815301076,1909f56bfc062723c751e8b465ee728b)  -> (artifact id: '567547d7f7d80c0cfd873ffc1de6f7a8') in 0.006468 seconds
  Import took 0.009235 seconds .

========================================================================
Received Prepare
Registering precompiled user dll's ...
Registered in 0.000848 seconds.
Begin MonoManager ReloadAssembly
Native extension for WindowsStandalone target not found
Refreshing native plugins compatible for Editor in 0.40 ms, found 0 plugins.
Preloading 0 native plugins for Editor in 0.00 ms.
Invoked RoslynAnalysisRunner static constructor.
RoslynAnalysisRunner will not be running.
RoslynAnalysisRunner has terminated.
Mono: successfully reloaded assembly
- Completed reload, in  1.443 seconds
Platform modules already initialized, skipping
Refreshing native plugins compatible for Editor in 0.50 ms, found 0 plugins.
Preloading 0 native plugins for Editor in 0.00 ms.
Unloading 1110 Unused Serialized files (Serialized files now loaded: 0)
System memory in use before: 60.5 MB.
System memory in use after: 60.6 MB.

Unloading 5 unused Assets to reduce memory usage. Loaded Objects now: 1623.
Total: 2.418900 ms (FindLiveObjects: 0.175700 ms CreateObjectMapping: 0.072500 ms MarkObjects: 2.091700 ms  DeleteObjects: 0.077100 ms)

========================================================================
Received Import Request.
  Time since last request: 38.431891 seconds.
  path: Assets/Prefabs/Enemy.prefab
  artifactKey: Guid(b50bf57b1998c494da2f23252c1544ce) Importer(815301076,1909f56bfc062723c751e8b465ee728b)
Start importing Assets/Prefabs/Enemy.prefab using Guid(b50bf57b1998c494da2f23252c1544ce) Importer(815301076,1909f56bfc062723c751e8b465ee728b)  -> (artifact id: 'c5b356798b777d68d5168d45132091b4') in 0.102373 seconds
  Import took 0.105543 seconds .

========================================================================
Received Prepare
Registering precompiled user dll's ...
Registered in 0.000869 seconds.
Begin MonoManager ReloadAssembly
Native extension for WindowsStandalone target not found
Refreshing native plugins compatible for Editor in 0.41 ms, found 0 plugins.
Preloading 0 native plugins for Editor in 0.00 ms.
Invoked RoslynAnalysisRunner static constructor.
RoslynAnalysisRunner will not be running.
RoslynAnalysisRunner has terminated.
Mono: successfully reloaded assembly
- Completed reload, in  1.433 seconds
Platform modules already initialized, skipping
Refreshing native plugins compatible for Editor in 0.39 ms, found 0 plugins.
Preloading 0 native plugins for Editor in 0.00 ms.
Unloading 1110 Unused Serialized files (Serialized files now loaded: 0)
System memory in use before: 60.5 MB.
System memory in use after: 60.6 MB.

Unloading 5 unused Assets to reduce memory usage. Loaded Objects now: 1627.
Total: 2.529500 ms (FindLiveObjects: 0.173700 ms CreateObjectMapping: 0.074600 ms MarkObjects: 2.202700 ms  DeleteObjects: 0.076400 ms)

AssetImportWorkerClient::OnTransportError - code=2 error=End of file
